Using pre-set license
Built from '2020.3/staging' branch; Version is '2020.3.23f1 (c5d91304a876) revision 12966163'; Using compiler version '192528614'; Build Type 'Release'
OS: 'Windows 10 Home Single Language; OS build 19043.1466; Version 2009; 64bit' Language: 'th' Physical Memory: 7068 MB
BatchMode: 1, IsHumanControllingUs: 0, StartBugReporterOnCrash: 0, Is64bit: 1, IsPro: 0

COMMAND LINE ARGUMENTS:
D:\Unity\2020.3.23f1\Editor\Unity.exe
-adb2
-batchMode
-noUpm
-name
AssetImportWorker0
-projectPath
D:/3rd.2/cs222/Lab5
-logFile
Logs/AssetImportWorker0.log
-srvPort
62708
Successfully changed project path to: D:/3rd.2/cs222/Lab5
D:/3rd.2/cs222/Lab5
Using Asset Import Pipeline V2.
Refreshing native plugins compatible for Editor in 120.03 ms, found 2 plugins.
Preloading 0 native plugins for Editor in 0.00 ms.
Initialize engine version: 2020.3.23f1 (c5d91304a876)
[Subsystems] Discovering subsystems at path D:/Unity/2020.3.23f1/Editor/Data/Resources/UnitySubsystems
[Subsystems] Discovering subsystems at path D:/3rd.2/cs222/Lab5/Assets
GfxDevice: creating device client; threaded=0
d3d12: loaded!
Direct3D:
    Version:         Direct3D 12 [level 12.0]
    Renderer:        Radeon 535 Series (ID=0x6900)
    Vendor:          
    VRAM:            2039 MB
    App VRAM Budget: 1733 MB
    Driver:          23.20.840.0
d3d12: Profiler is enabled, but stable power state is not. GPU timing errors are expected.
Initialize mono
Mono path[0] = 'D:/Unity/2020.3.23f1/Editor/Data/Managed'
Mono path[1] = 'D:/Unity/2020.3.23f1/Editor/Data/MonoBleedingEdge/lib/mono/unityjit'
Mono config path = 'D:/Unity/2020.3.23f1/Editor/Data/MonoBleedingEdge/etc'
Using monoOptions --debugger-agent=transport=dt_socket,embedding=1,server=y,suspend=n,address=127.0.0.1:56396
Begin MonoManager ReloadAssembly
Registering precompiled unity dll's ...
Register platform support module: D:/Unity/2020.3.23f1/Editor/Data/PlaybackEngines/WebGLSupport/UnityEditor.WebGL.Extensions.dll
Register platform support module: D:/Unity/2020.3.23f1/Editor/Data/PlaybackEngines/WindowsStandaloneSupport/UnityEditor.WindowsStandalone.Extensions.dll
Registered in 0.003700 seconds.
Native extension for WindowsStandalone target not found
Native extension for WebGL target not found
Refreshing native plugins compatible for Editor in 97.52 ms, found 2 plugins.
Preloading 0 native plugins for Editor in 0.00 ms.
Mono: successfully reloaded assembly
- Completed reload, in  1.924 seconds
Domain Reload Profiling:
	ReloadAssembly (1925ms)
		BeginReloadAssembly (170ms)
			ExecutionOrderSort (0ms)
			DisableScriptedObjects (0ms)
			BackupInstance (0ms)
			ReleaseScriptingObjects (0ms)
			CreateAndSetChildDomain (3ms)
		EndReloadAssembly (1504ms)
			LoadAssemblies (167ms)
			RebuildTransferFunctionScriptingTraits (0ms)
			SetupTypeCache (531ms)
			ReleaseScriptCaches (0ms)
			RebuildScriptCaches (101ms)
			SetupLoadedEditorAssemblies (566ms)
				LogAssemblyErrors (0ms)
				InitializePlatformSupportModulesInManaged (18ms)
				SetLoadedEditorAssemblies (1ms)
				RefreshPlugins (98ms)
				BeforeProcessingInitializeOnLoad (48ms)
				ProcessInitializeOnLoadAttributes (295ms)
				ProcessInitializeOnLoadMethodAttributes (106ms)
				AfterProcessingInitializeOnLoad (0ms)
				EditorAssembliesLoaded (1ms)
			ExecutionOrderSort2 (0ms)
			AwakeInstancesAfterBackupRestoration (0ms)
Platform modules already initialized, skipping
Registering precompiled user dll's ...
Registered in 0.011983 seconds.
Begin MonoManager ReloadAssembly
Native extension for WindowsStandalone target not found
Native extension for WebGL target not found
Refreshing native plugins compatible for Editor in 0.92 ms, found 2 plugins.
Preloading 0 native plugins for Editor in 0.00 ms.
Mono: successfully reloaded assembly
- Completed reload, in  4.879 seconds
Domain Reload Profiling:
	ReloadAssembly (4881ms)
		BeginReloadAssembly (447ms)
			ExecutionOrderSort (0ms)
			DisableScriptedObjects (17ms)
			BackupInstance (0ms)
			ReleaseScriptingObjects (0ms)
			CreateAndSetChildDomain (47ms)
		EndReloadAssembly (4247ms)
			LoadAssemblies (255ms)
			RebuildTransferFunctionScriptingTraits (0ms)
			SetupTypeCache (949ms)
			ReleaseScriptCaches (1ms)
			RebuildScriptCaches (141ms)
			SetupLoadedEditorAssemblies (2603ms)
				LogAssemblyErrors (0ms)
				InitializePlatformSupportModulesInManaged (14ms)
				SetLoadedEditorAssemblies (1ms)
				RefreshPlugins (1ms)
				BeforeProcessingInitializeOnLoad (249ms)
				ProcessInitializeOnLoadAttributes (606ms)
				ProcessInitializeOnLoadMethodAttributes (1724ms)
				AfterProcessingInitializeOnLoad (7ms)
				EditorAssembliesLoaded (1ms)
			ExecutionOrderSort2 (0ms)
			AwakeInstancesAfterBackupRestoration (22ms)
Platform modules already initialized, skipping
========================================================================
Worker process is ready to serve import requests
Launched and connected shader compiler UnityShaderCompiler.exe after 0.18 seconds
Refreshing native plugins compatible for Editor in 0.93 ms, found 2 plugins.
Preloading 0 native plugins for Editor in 0.00 ms.
Unloading 1544 Unused Serialized files (Serialized files now loaded: 0)
System memory in use before: 70.1 MB.
System memory in use after: 70.2 MB.

Unloading 21 unused Assets to reduce memory usage. Loaded Objects now: 2000.
Total: 9.920000 ms (FindLiveObjects: 0.372600 ms CreateObjectMapping: 0.096600 ms MarkObjects: 9.262700 ms  DeleteObjects: 0.185600 ms)

AssetImportParameters requested are different than current active one (requested -> active):
  custom:framework-win-MediaFoundation: 216162199b28c13a410421893ffa2e32 -> 
  custom:video-decoder-ogg-theora: a1e56fd34408186e4bbccfd4996cb3dc -> 
  custom:container-muxer-webm: aa71ff27fc2769a1b78a27578f13a17b -> 
  custom:container-demuxer-webm: 4f35f7cbe854078d1ac9338744f61a02 -> 
  custom:container-demuxer-ogg: 62fdf1f143b41e24485cea50d1cbac27 -> 
  custom:video-encoder-webm-vp8: eb34c28f22e8b96e1ab97ce403110664 -> 
  custom:video-decoder-webm-vp8: 9c59270c3fd7afecdb556c50c9e8de78 -> 
  custom:audio-decoder-ogg-vorbis: bf7c407c2cedff20999df2af8eb42d56 -> 
  custom:audio-encoder-webm-vorbis: bf7c407c2cedff20999df2af8eb42d56 -> 
========================================================================
Received Import Request.
  path: Assets/Agent.mat
  artifactKey: Guid(07b1089f496a58345a46f9c67848f4bb) Importer(815301076,1909f56bfc062723c751e8b465ee728b)
Start importing Assets/Agent.mat using Guid(07b1089f496a58345a46f9c67848f4bb) Importer(815301076,1909f56bfc062723c751e8b465ee728b)  -> (artifact id: 'f04d34f100e715491f45119ad8ae57dc') in 0.474199 seconds 
  Import took 0.481594 seconds .

========================================================================
Received Import Request.
  Time since last request: 0.000721 seconds.
  path: Assets/Wander.asset
  artifactKey: Guid(aa78b41ec363ecb4cb91ace7b6b85e22) Importer(815301076,1909f56bfc062723c751e8b465ee728b)
Start importing Assets/Wander.asset using Guid(aa78b41ec363ecb4cb91ace7b6b85e22) Importer(815301076,1909f56bfc062723c751e8b465ee728b)  -> (artifact id: '247571aea9d7c0c45818d14dd229e416') in 0.105709 seconds 
  Import took 0.113823 seconds .

========================================================================
Received Import Request.
  Time since last request: 0.000802 seconds.
  path: Assets/Player.mat
  artifactKey: Guid(4458de985d554e94e86adb37defedfd7) Importer(815301076,1909f56bfc062723c751e8b465ee728b)
Start importing Assets/Player.mat using Guid(4458de985d554e94e86adb37defedfd7) Importer(815301076,1909f56bfc062723c751e8b465ee728b)  -> (artifact id: '9cbb8f1071aa49b1215ef55968346971') in 0.066774 seconds 
  Import took 0.074685 seconds .

========================================================================
Received Import Request.
  Time since last request: 0.001014 seconds.
  path: Assets/Floor.mat
  artifactKey: Guid(fb0bf1ac6b2f79a4fac0ec3c904db144) Importer(815301076,1909f56bfc062723c751e8b465ee728b)
Start importing Assets/Floor.mat using Guid(fb0bf1ac6b2f79a4fac0ec3c904db144) Importer(815301076,1909f56bfc062723c751e8b465ee728b)  -> (artifact id: 'c38fe62162ee49be9a9bbaac97dca26f') in 0.047259 seconds 
  Import took 0.053722 seconds .

========================================================================
Received Import Request.
  Time since last request: 10.052157 seconds.
  path: Assets/Wander.asset
  artifactKey: Guid(aa78b41ec363ecb4cb91ace7b6b85e22) Importer(815301076,1909f56bfc062723c751e8b465ee728b)
Start importing Assets/Wander.asset using Guid(aa78b41ec363ecb4cb91ace7b6b85e22) Importer(815301076,1909f56bfc062723c751e8b465ee728b)  -> (artifact id: '4fbc48551c1664968d8e64183ea2cbc0') in 0.010308 seconds 
  Import took 0.018972 seconds .

========================================================================
Received Prepare
Registering precompiled user dll's ...
Registered in 0.011365 seconds.
Begin MonoManager ReloadAssembly
Native extension for WindowsStandalone target not found
Native extension for WebGL target not found
Refreshing native plugins compatible for Editor in 1.08 ms, found 2 plugins.
Preloading 0 native plugins for Editor in 0.00 ms.
Mono: successfully reloaded assembly
- Completed reload, in  3.875 seconds
Domain Reload Profiling:
	ReloadAssembly (3876ms)
		BeginReloadAssembly (313ms)
			ExecutionOrderSort (0ms)
			DisableScriptedObjects (13ms)
			BackupInstance (0ms)
			ReleaseScriptingObjects (0ms)
			CreateAndSetChildDomain (122ms)
		EndReloadAssembly (3379ms)
			LoadAssemblies (234ms)
			RebuildTransferFunctionScriptingTraits (0ms)
			SetupTypeCache (756ms)
			ReleaseScriptCaches (2ms)
			RebuildScriptCaches (113ms)
			SetupLoadedEditorAssemblies (2031ms)
				LogAssemblyErrors (0ms)
				InitializePlatformSupportModulesInManaged (13ms)
				SetLoadedEditorAssemblies (2ms)
				RefreshPlugins (1ms)
				BeforeProcessingInitializeOnLoad (207ms)
				ProcessInitializeOnLoadAttributes (477ms)
				ProcessInitializeOnLoadMethodAttributes (1322ms)
				AfterProcessingInitializeOnLoad (8ms)
				EditorAssembliesLoaded (1ms)
			ExecutionOrderSort2 (0ms)
			AwakeInstancesAfterBackupRestoration (19ms)
Platform modules already initialized, skipping
Refreshing native plugins compatible for Editor in 0.94 ms, found 2 plugins.
Preloading 0 native plugins for Editor in 0.00 ms.
Unloading 1538 Unused Serialized files (Serialized files now loaded: 0)
System memory in use before: 73.4 MB.
System memory in use after: 73.5 MB.

Unloading 16 unused Assets to reduce memory usage. Loaded Objects now: 2042.
Total: 8.791800 ms (FindLiveObjects: 0.374200 ms CreateObjectMapping: 0.084200 ms MarkObjects: 8.269700 ms  DeleteObjects: 0.060100 ms)

AssetImportParameters requested are different than current active one (requested -> active):
  custom:framework-win-MediaFoundation: 216162199b28c13a410421893ffa2e32 -> 
  custom:video-decoder-ogg-theora: a1e56fd34408186e4bbccfd4996cb3dc -> 
  custom:container-muxer-webm: aa71ff27fc2769a1b78a27578f13a17b -> 
  custom:container-demuxer-webm: 4f35f7cbe854078d1ac9338744f61a02 -> 
  custom:container-demuxer-ogg: 62fdf1f143b41e24485cea50d1cbac27 -> 
  custom:video-encoder-webm-vp8: eb34c28f22e8b96e1ab97ce403110664 -> 
  custom:video-decoder-webm-vp8: 9c59270c3fd7afecdb556c50c9e8de78 -> 
  custom:audio-decoder-ogg-vorbis: bf7c407c2cedff20999df2af8eb42d56 -> 
  custom:audio-encoder-webm-vorbis: bf7c407c2cedff20999df2af8eb42d56 -> 
========================================================================
Received Import Request.
  Time since last request: 160.683092 seconds.
  path: Assets/BehaviorBricks/Samples/QuickStartGuide/Done/Resources/Behaviors/DoneClickAndGo.asset
  artifactKey: Guid(6c77abc6244c7604a93f480b49b233c5) Importer(815301076,1909f56bfc062723c751e8b465ee728b)
Start importing Assets/BehaviorBricks/Samples/QuickStartGuide/Done/Resources/Behaviors/DoneClickAndGo.asset using Guid(6c77abc6244c7604a93f480b49b233c5) Importer(815301076,1909f56bfc062723c751e8b465ee728b) DeserializeNextElement: Viene otra cosa: EndElement. Terminamos -> (artifact id: '870e071277c451df9eaf3b65961c228d') in 0.105089 seconds 
  Import took 0.111345 seconds .

========================================================================
Received Import Request.
  Time since last request: 0.000702 seconds.
  path: Assets/BehaviorBricks/Samples/QuickStartGuide/Done/Resources/Behaviors/DoneWander.asset
  artifactKey: Guid(8adfddffa70852a45ba1b64354494e3c) Importer(815301076,1909f56bfc062723c751e8b465ee728b)
Start importing Assets/BehaviorBricks/Samples/QuickStartGuide/Done/Resources/Behaviors/DoneWander.asset using Guid(8adfddffa70852a45ba1b64354494e3c) Importer(815301076,1909f56bfc062723c751e8b465ee728b)  -> (artifact id: 'e8c56c322a7a2cc5b0546c8fd6a640b8') in 0.022365 seconds 
  Import took 0.028451 seconds .

========================================================================
Received Import Request.
  Time since last request: 0.000729 seconds.
  path: Assets/BehaviorBricks/Samples/ProgrammersQuickStartGuide/Done/Resources/Behaviors/DoneEnemyBehavior.asset
  artifactKey: Guid(cefec543fe1d8774aa0b18d5ab374a84) Importer(815301076,1909f56bfc062723c751e8b465ee728b)
Start importing Assets/BehaviorBricks/Samples/ProgrammersQuickStartGuide/Done/Resources/Behaviors/DoneEnemyBehavior.asset using Guid(cefec543fe1d8774aa0b18d5ab374a84) Importer(815301076,1909f56bfc062723c751e8b465ee728b)  -> (artifact id: 'df1570a99f9c6e9b44f8cb17689c72e7') in 0.029310 seconds 
  Import took 0.035532 seconds .

========================================================================
Received Import Request.
  Time since last request: 0.000659 seconds.
  path: Assets/BehaviorBricks/Samples/QuickStartGuide/Done/Resources/Behaviors/DoneEnemyBehavior.asset
  artifactKey: Guid(972a8759c682b4f45a272c752a694d98) Importer(815301076,1909f56bfc062723c751e8b465ee728b)
Start importing Assets/BehaviorBricks/Samples/QuickStartGuide/Done/Resources/Behaviors/DoneEnemyBehavior.asset using Guid(972a8759c682b4f45a272c752a694d98) Importer(815301076,1909f56bfc062723c751e8b465ee728b) DeserializeNextElement: Viene otra cosa: EndElement. TerminamosDeserializeNextElement: Viene otra cosa: EndElement. Terminamos -> (artifact id: '4efb500d8fb16163e75673846bebace4') in 0.018912 seconds 
  Import took 0.025161 seconds .

========================================================================
Received Prepare
Registering precompiled user dll's ...
Registered in 0.017210 seconds.
Begin MonoManager ReloadAssembly
Native extension for WindowsStandalone target not found
Native extension for WebGL target not found
Refreshing native plugins compatible for Editor in 1.07 ms, found 2 plugins.
Preloading 0 native plugins for Editor in 0.00 ms.
Mono: successfully reloaded assembly
- Completed reload, in  4.424 seconds
Domain Reload Profiling:
	ReloadAssembly (4425ms)
		BeginReloadAssembly (317ms)
			ExecutionOrderSort (0ms)
			DisableScriptedObjects (16ms)
			BackupInstance (0ms)
			ReleaseScriptingObjects (0ms)
			CreateAndSetChildDomain (102ms)
		EndReloadAssembly (3920ms)
			LoadAssemblies (277ms)
			RebuildTransferFunctionScriptingTraits (0ms)
			SetupTypeCache (840ms)
			ReleaseScriptCaches (2ms)
			RebuildScriptCaches (136ms)
			SetupLoadedEditorAssemblies (2301ms)
				LogAssemblyErrors (0ms)
				InitializePlatformSupportModulesInManaged (17ms)
				SetLoadedEditorAssemblies (3ms)
				RefreshPlugins (1ms)
				BeforeProcessingInitializeOnLoad (219ms)
				ProcessInitializeOnLoadAttributes (536ms)
				ProcessInitializeOnLoadMethodAttributes (1517ms)
				AfterProcessingInitializeOnLoad (8ms)
				EditorAssembliesLoaded (1ms)
			ExecutionOrderSort2 (0ms)
			AwakeInstancesAfterBackupRestoration (19ms)
Platform modules already initialized, skipping
Refreshing native plugins compatible for Editor in 0.87 ms, found 2 plugins.
Preloading 0 native plugins for Editor in 0.00 ms.
Unloading 1538 Unused Serialized files (Serialized files now loaded: 0)
System memory in use before: 73.6 MB.
System memory in use after: 73.7 MB.

Unloading 16 unused Assets to reduce memory usage. Loaded Objects now: 2044.
Total: 7.812300 ms (FindLiveObjects: 0.372600 ms CreateObjectMapping: 0.085200 ms MarkObjects: 7.254100 ms  DeleteObjects: 0.096200 ms)

AssetImportParameters requested are different than current active one (requested -> active):
  custom:framework-win-MediaFoundation: 216162199b28c13a410421893ffa2e32 -> 
  custom:video-decoder-ogg-theora: a1e56fd34408186e4bbccfd4996cb3dc -> 
  custom:container-muxer-webm: aa71ff27fc2769a1b78a27578f13a17b -> 
  custom:container-demuxer-webm: 4f35f7cbe854078d1ac9338744f61a02 -> 
  custom:container-demuxer-ogg: 62fdf1f143b41e24485cea50d1cbac27 -> 
  custom:video-encoder-webm-vp8: eb34c28f22e8b96e1ab97ce403110664 -> 
  custom:video-decoder-webm-vp8: 9c59270c3fd7afecdb556c50c9e8de78 -> 
  custom:audio-decoder-ogg-vorbis: bf7c407c2cedff20999df2af8eb42d56 -> 
  custom:audio-encoder-webm-vorbis: bf7c407c2cedff20999df2af8eb42d56 -> 
========================================================================
Received Prepare
Registering precompiled user dll's ...
Registered in 0.012595 seconds.
Begin MonoManager ReloadAssembly
Native extension for WindowsStandalone target not found
Native extension for WebGL target not found
Refreshing native plugins compatible for Editor in 0.90 ms, found 2 plugins.
Preloading 0 native plugins for Editor in 0.00 ms.
Mono: successfully reloaded assembly
- Completed reload, in  4.327 seconds
Domain Reload Profiling:
	ReloadAssembly (4328ms)
		BeginReloadAssembly (317ms)
			ExecutionOrderSort (0ms)
			DisableScriptedObjects (15ms)
			BackupInstance (0ms)
			ReleaseScriptingObjects (0ms)
			CreateAndSetChildDomain (104ms)
		EndReloadAssembly (3846ms)
			LoadAssemblies (264ms)
			RebuildTransferFunctionScriptingTraits (0ms)
			SetupTypeCache (881ms)
			ReleaseScriptCaches (3ms)
			RebuildScriptCaches (121ms)
			SetupLoadedEditorAssemblies (2312ms)
				LogAssemblyErrors (0ms)
				InitializePlatformSupportModulesInManaged (16ms)
				SetLoadedEditorAssemblies (1ms)
				RefreshPlugins (1ms)
				BeforeProcessingInitializeOnLoad (227ms)
				ProcessInitializeOnLoadAttributes (578ms)
				ProcessInitializeOnLoadMethodAttributes (1481ms)
				AfterProcessingInitializeOnLoad (8ms)
				EditorAssembliesLoaded (1ms)
			ExecutionOrderSort2 (0ms)
			AwakeInstancesAfterBackupRestoration (22ms)
Platform modules already initialized, skipping
Refreshing native plugins compatible for Editor in 0.94 ms, found 2 plugins.
Preloading 0 native plugins for Editor in 0.00 ms.
Unloading 1538 Unused Serialized files (Serialized files now loaded: 0)
System memory in use before: 73.7 MB.
System memory in use after: 73.9 MB.

Unloading 16 unused Assets to reduce memory usage. Loaded Objects now: 2046.
Total: 11.065900 ms (FindLiveObjects: 0.364100 ms CreateObjectMapping: 0.266600 ms MarkObjects: 10.368500 ms  DeleteObjects: 0.063100 ms)

AssetImportParameters requested are different than current active one (requested -> active):
  custom:framework-win-MediaFoundation: 216162199b28c13a410421893ffa2e32 -> 
  custom:video-decoder-ogg-theora: a1e56fd34408186e4bbccfd4996cb3dc -> 
  custom:container-muxer-webm: aa71ff27fc2769a1b78a27578f13a17b -> 
  custom:container-demuxer-webm: 4f35f7cbe854078d1ac9338744f61a02 -> 
  custom:container-demuxer-ogg: 62fdf1f143b41e24485cea50d1cbac27 -> 
  custom:video-encoder-webm-vp8: eb34c28f22e8b96e1ab97ce403110664 -> 
  custom:video-decoder-webm-vp8: 9c59270c3fd7afecdb556c50c9e8de78 -> 
  custom:audio-decoder-ogg-vorbis: bf7c407c2cedff20999df2af8eb42d56 -> 
  custom:audio-encoder-webm-vorbis: bf7c407c2cedff20999df2af8eb42d56 -> 
========================================================================
Received Import Request.
  Time since last request: 164.379565 seconds.
  path: Assets/Wander.asset
  artifactKey: Guid(aa78b41ec363ecb4cb91ace7b6b85e22) Importer(815301076,1909f56bfc062723c751e8b465ee728b)
Start importing Assets/Wander.asset using Guid(aa78b41ec363ecb4cb91ace7b6b85e22) Importer(815301076,1909f56bfc062723c751e8b465ee728b)  -> (artifact id: '05e4afd86bcdb4efd9b23d9ede3d4a85') in 0.102021 seconds 
  Import took 0.108891 seconds .

========================================================================
Received Prepare
Registering precompiled user dll's ...
Registered in 0.244854 seconds.
Begin MonoManager ReloadAssembly
Native extension for WindowsStandalone target not found
Native extension for WebGL target not found
Refreshing native plugins compatible for Editor in 0.91 ms, found 2 plugins.
Preloading 0 native plugins for Editor in 0.00 ms.
Mono: successfully reloaded assembly
- Completed reload, in  3.903 seconds
Domain Reload Profiling:
	ReloadAssembly (3905ms)
		BeginReloadAssembly (255ms)
			ExecutionOrderSort (0ms)
			DisableScriptedObjects (12ms)
			BackupInstance (0ms)
			ReleaseScriptingObjects (0ms)
			CreateAndSetChildDomain (87ms)
		EndReloadAssembly (3485ms)
			LoadAssemblies (231ms)
			RebuildTransferFunctionScriptingTraits (0ms)
			SetupTypeCache (738ms)
			ReleaseScriptCaches (2ms)
			RebuildScriptCaches (109ms)
			SetupLoadedEditorAssemblies (2153ms)
				LogAssemblyErrors (0ms)
				InitializePlatformSupportModulesInManaged (14ms)
				SetLoadedEditorAssemblies (1ms)
				RefreshPlugins (1ms)
				BeforeProcessingInitializeOnLoad (193ms)
				ProcessInitializeOnLoadAttributes (492ms)
				ProcessInitializeOnLoadMethodAttributes (1444ms)
				AfterProcessingInitializeOnLoad (7ms)
				EditorAssembliesLoaded (1ms)
			ExecutionOrderSort2 (0ms)
			AwakeInstancesAfterBackupRestoration (19ms)
Platform modules already initialized, skipping
Refreshing native plugins compatible for Editor in 0.89 ms, found 2 plugins.
Preloading 0 native plugins for Editor in 0.00 ms.
Unloading 1538 Unused Serialized files (Serialized files now loaded: 0)
System memory in use before: 73.9 MB.
System memory in use after: 74.0 MB.

Unloading 16 unused Assets to reduce memory usage. Loaded Objects now: 2048.
Total: 8.193500 ms (FindLiveObjects: 0.370000 ms CreateObjectMapping: 0.084000 ms MarkObjects: 7.682500 ms  DeleteObjects: 0.053900 ms)

AssetImportParameters requested are different than current active one (requested -> active):
  custom:framework-win-MediaFoundation: 216162199b28c13a410421893ffa2e32 -> 
  custom:video-decoder-ogg-theora: a1e56fd34408186e4bbccfd4996cb3dc -> 
  custom:container-muxer-webm: aa71ff27fc2769a1b78a27578f13a17b -> 
  custom:container-demuxer-webm: 4f35f7cbe854078d1ac9338744f61a02 -> 
  custom:container-demuxer-ogg: 62fdf1f143b41e24485cea50d1cbac27 -> 
  custom:video-encoder-webm-vp8: eb34c28f22e8b96e1ab97ce403110664 -> 
  custom:video-decoder-webm-vp8: 9c59270c3fd7afecdb556c50c9e8de78 -> 
  custom:audio-decoder-ogg-vorbis: bf7c407c2cedff20999df2af8eb42d56 -> 
  custom:audio-encoder-webm-vorbis: bf7c407c2cedff20999df2af8eb42d56 -> 
========================================================================
Received Prepare
Registering precompiled user dll's ...
Registered in 0.010251 seconds.
Begin MonoManager ReloadAssembly
Native extension for WindowsStandalone target not found
Native extension for WebGL target not found
Refreshing native plugins compatible for Editor in 0.88 ms, found 2 plugins.
Preloading 0 native plugins for Editor in 0.00 ms.
Mono: successfully reloaded assembly
- Completed reload, in  3.961 seconds
Domain Reload Profiling:
	ReloadAssembly (3962ms)
		BeginReloadAssembly (277ms)
			ExecutionOrderSort (0ms)
			DisableScriptedObjects (12ms)
			BackupInstance (0ms)
			ReleaseScriptingObjects (0ms)
			CreateAndSetChildDomain (89ms)
		EndReloadAssembly (3511ms)
			LoadAssemblies (252ms)
			RebuildTransferFunctionScriptingTraits (0ms)
			SetupTypeCache (813ms)
			ReleaseScriptCaches (2ms)
			RebuildScriptCaches (119ms)
			SetupLoadedEditorAssemblies (2058ms)
				LogAssemblyErrors (0ms)
				InitializePlatformSupportModulesInManaged (13ms)
				SetLoadedEditorAssemblies (1ms)
				RefreshPlugins (1ms)
				BeforeProcessingInitializeOnLoad (211ms)
				ProcessInitializeOnLoadAttributes (505ms)
				ProcessInitializeOnLoadMethodAttributes (1319ms)
				AfterProcessingInitializeOnLoad (7ms)
				EditorAssembliesLoaded (1ms)
			ExecutionOrderSort2 (0ms)
			AwakeInstancesAfterBackupRestoration (18ms)
Platform modules already initialized, skipping
Refreshing native plugins compatible for Editor in 1.32 ms, found 2 plugins.
Preloading 0 native plugins for Editor in 0.00 ms.
Unloading 1538 Unused Serialized files (Serialized files now loaded: 0)
System memory in use before: 74.0 MB.
System memory in use after: 74.1 MB.

Unloading 16 unused Assets to reduce memory usage. Loaded Objects now: 2050.
Total: 7.483200 ms (FindLiveObjects: 0.363500 ms CreateObjectMapping: 0.085200 ms MarkObjects: 6.974300 ms  DeleteObjects: 0.057300 ms)

AssetImportParameters requested are different than current active one (requested -> active):
  custom:framework-win-MediaFoundation: 216162199b28c13a410421893ffa2e32 -> 
  custom:video-decoder-ogg-theora: a1e56fd34408186e4bbccfd4996cb3dc -> 
  custom:container-muxer-webm: aa71ff27fc2769a1b78a27578f13a17b -> 
  custom:container-demuxer-webm: 4f35f7cbe854078d1ac9338744f61a02 -> 
  custom:container-demuxer-ogg: 62fdf1f143b41e24485cea50d1cbac27 -> 
  custom:video-encoder-webm-vp8: eb34c28f22e8b96e1ab97ce403110664 -> 
  custom:video-decoder-webm-vp8: 9c59270c3fd7afecdb556c50c9e8de78 -> 
  custom:audio-decoder-ogg-vorbis: bf7c407c2cedff20999df2af8eb42d56 -> 
  custom:audio-encoder-webm-vorbis: bf7c407c2cedff20999df2af8eb42d56 -> 
========================================================================
Received Prepare
Registering precompiled user dll's ...
Registered in 0.010724 seconds.
Begin MonoManager ReloadAssembly
Native extension for WindowsStandalone target not found
Native extension for WebGL target not found
Refreshing native plugins compatible for Editor in 0.91 ms, found 2 plugins.
Preloading 0 native plugins for Editor in 0.00 ms.
Mono: successfully reloaded assembly
- Completed reload, in  4.108 seconds
Domain Reload Profiling:
	ReloadAssembly (4110ms)
		BeginReloadAssembly (268ms)
			ExecutionOrderSort (0ms)
			DisableScriptedObjects (14ms)
			BackupInstance (0ms)
			ReleaseScriptingObjects (0ms)
			CreateAndSetChildDomain (90ms)
		EndReloadAssembly (3672ms)
			LoadAssemblies (240ms)
			RebuildTransferFunctionScriptingTraits (0ms)
			SetupTypeCache (782ms)
			ReleaseScriptCaches (2ms)
			RebuildScriptCaches (171ms)
			SetupLoadedEditorAssemblies (2152ms)
				LogAssemblyErrors (0ms)
				InitializePlatformSupportModulesInManaged (15ms)
				SetLoadedEditorAssemblies (2ms)
				RefreshPlugins (1ms)
				BeforeProcessingInitializeOnLoad (223ms)
				ProcessInitializeOnLoadAttributes (500ms)
				ProcessInitializeOnLoadMethodAttributes (1403ms)
				AfterProcessingInitializeOnLoad (7ms)
				EditorAssembliesLoaded (1ms)
			ExecutionOrderSort2 (0ms)
			AwakeInstancesAfterBackupRestoration (20ms)
Platform modules already initialized, skipping
Refreshing native plugins compatible for Editor in 0.97 ms, found 2 plugins.
Preloading 0 native plugins for Editor in 0.00 ms.
Unloading 1538 Unused Serialized files (Serialized files now loaded: 0)
System memory in use before: 74.1 MB.
System memory in use after: 74.2 MB.

Unloading 16 unused Assets to reduce memory usage. Loaded Objects now: 2052.
Total: 8.370300 ms (FindLiveObjects: 0.380600 ms CreateObjectMapping: 0.084400 ms MarkObjects: 7.847800 ms  DeleteObjects: 0.054000 ms)

AssetImportParameters requested are different than current active one (requested -> active):
  custom:framework-win-MediaFoundation: 216162199b28c13a410421893ffa2e32 -> 
  custom:video-decoder-ogg-theora: a1e56fd34408186e4bbccfd4996cb3dc -> 
  custom:container-muxer-webm: aa71ff27fc2769a1b78a27578f13a17b -> 
  custom:container-demuxer-webm: 4f35f7cbe854078d1ac9338744f61a02 -> 
  custom:container-demuxer-ogg: 62fdf1f143b41e24485cea50d1cbac27 -> 
  custom:video-encoder-webm-vp8: eb34c28f22e8b96e1ab97ce403110664 -> 
  custom:video-decoder-webm-vp8: 9c59270c3fd7afecdb556c50c9e8de78 -> 
  custom:audio-decoder-ogg-vorbis: bf7c407c2cedff20999df2af8eb42d56 -> 
  custom:audio-encoder-webm-vorbis: bf7c407c2cedff20999df2af8eb42d56 -> 
========================================================================
Received Prepare
Registering precompiled user dll's ...
Registered in 0.011489 seconds.
Begin MonoManager ReloadAssembly
Native extension for WindowsStandalone target not found
Native extension for WebGL target not found
Refreshing native plugins compatible for Editor in 0.88 ms, found 2 plugins.
Preloading 0 native plugins for Editor in 0.00 ms.
Mono: successfully reloaded assembly
- Completed reload, in  3.930 seconds
Domain Reload Profiling:
	ReloadAssembly (3931ms)
		BeginReloadAssembly (273ms)
			ExecutionOrderSort (0ms)
			DisableScriptedObjects (13ms)
			BackupInstance (0ms)
			ReleaseScriptingObjects (0ms)
			CreateAndSetChildDomain (94ms)
		EndReloadAssembly (3492ms)
			LoadAssemblies (238ms)
			RebuildTransferFunctionScriptingTraits (0ms)
			SetupTypeCache (760ms)
			ReleaseScriptCaches (2ms)
			RebuildScriptCaches (104ms)
			SetupLoadedEditorAssemblies (2121ms)
				LogAssemblyErrors (0ms)
				InitializePlatformSupportModulesInManaged (16ms)
				SetLoadedEditorAssemblies (1ms)
				RefreshPlugins (1ms)
				BeforeProcessingInitializeOnLoad (217ms)
				ProcessInitializeOnLoadAttributes (507ms)
				ProcessInitializeOnLoadMethodAttributes (1370ms)
				AfterProcessingInitializeOnLoad (7ms)
				EditorAssembliesLoaded (1ms)
			ExecutionOrderSort2 (0ms)
			AwakeInstancesAfterBackupRestoration (19ms)
Platform modules already initialized, skipping
Refreshing native plugins compatible for Editor in 0.88 ms, found 2 plugins.
Preloading 0 native plugins for Editor in 0.00 ms.
Unloading 1538 Unused Serialized files (Serialized files now loaded: 0)
System memory in use before: 73.7 MB.
System memory in use after: 73.8 MB.

Unloading 16 unused Assets to reduce memory usage. Loaded Objects now: 2054.
Total: 11.287400 ms (FindLiveObjects: 0.386700 ms CreateObjectMapping: 0.085400 ms MarkObjects: 10.752600 ms  DeleteObjects: 0.058500 ms)

AssetImportParameters requested are different than current active one (requested -> active):
  custom:framework-win-MediaFoundation: 216162199b28c13a410421893ffa2e32 -> 
  custom:video-decoder-ogg-theora: a1e56fd34408186e4bbccfd4996cb3dc -> 
  custom:container-muxer-webm: aa71ff27fc2769a1b78a27578f13a17b -> 
  custom:container-demuxer-webm: 4f35f7cbe854078d1ac9338744f61a02 -> 
  custom:container-demuxer-ogg: 62fdf1f143b41e24485cea50d1cbac27 -> 
  custom:video-encoder-webm-vp8: eb34c28f22e8b96e1ab97ce403110664 -> 
  custom:video-decoder-webm-vp8: 9c59270c3fd7afecdb556c50c9e8de78 -> 
  custom:audio-decoder-ogg-vorbis: bf7c407c2cedff20999df2af8eb42d56 -> 
  custom:audio-encoder-webm-vorbis: bf7c407c2cedff20999df2af8eb42d56 -> 
========================================================================
Received Import Request.
  Time since last request: 320.182460 seconds.
  path: Assets/Wander.asset
  artifactKey: Guid(aa78b41ec363ecb4cb91ace7b6b85e22) Importer(815301076,1909f56bfc062723c751e8b465ee728b)
Start importing Assets/Wander.asset using Guid(aa78b41ec363ecb4cb91ace7b6b85e22) Importer(815301076,1909f56bfc062723c751e8b465ee728b)  -> (artifact id: 'a8f845af42d56870d1031e66696ab1ec') in 0.099782 seconds 
  Import took 0.116282 seconds .

========================================================================
Received Import Request.
  Time since last request: 117.969604 seconds.
  path: Assets/Wander.asset
  artifactKey: Guid(aa78b41ec363ecb4cb91ace7b6b85e22) Importer(815301076,1909f56bfc062723c751e8b465ee728b)
Start importing Assets/Wander.asset using Guid(aa78b41ec363ecb4cb91ace7b6b85e22) Importer(815301076,1909f56bfc062723c751e8b465ee728b)  -> (artifact id: '96f9840e5d7c623a74ad1ea603474e43') in 0.052355 seconds 
  Import took 0.079497 seconds .

========================================================================
Received Prepare
Registering precompiled user dll's ...
Registered in 0.023151 seconds.
Begin MonoManager ReloadAssembly
Native extension for WindowsStandalone target not found
Native extension for WebGL target not found
Refreshing native plugins compatible for Editor in 2.14 ms, found 2 plugins.
Preloading 0 native plugins for Editor in 0.00 ms.
Mono: successfully reloaded assembly
- Completed reload, in  8.155 seconds
Domain Reload Profiling:
	ReloadAssembly (8157ms)
		BeginReloadAssembly (474ms)
			ExecutionOrderSort (0ms)
			DisableScriptedObjects (14ms)
			BackupInstance (0ms)
			ReleaseScriptingObjects (0ms)
			CreateAndSetChildDomain (89ms)
		EndReloadAssembly (7288ms)
			LoadAssemblies (585ms)
			RebuildTransferFunctionScriptingTraits (0ms)
			SetupTypeCache (1226ms)
			ReleaseScriptCaches (2ms)
			RebuildScriptCaches (140ms)
			SetupLoadedEditorAssemblies (4806ms)
				LogAssemblyErrors (0ms)
				InitializePlatformSupportModulesInManaged (36ms)
				SetLoadedEditorAssemblies (4ms)
				RefreshPlugins (3ms)
				BeforeProcessingInitializeOnLoad (489ms)
				ProcessInitializeOnLoadAttributes (972ms)
				ProcessInitializeOnLoadMethodAttributes (3271ms)
				AfterProcessingInitializeOnLoad (29ms)
				EditorAssembliesLoaded (2ms)
			ExecutionOrderSort2 (0ms)
			AwakeInstancesAfterBackupRestoration (60ms)
Platform modules already initialized, skipping
Refreshing native plugins compatible for Editor in 6.14 ms, found 2 plugins.
Preloading 0 native plugins for Editor in 0.00 ms.
Unloading 1538 Unused Serialized files (Serialized files now loaded: 0)
System memory in use before: 73.4 MB.
System memory in use after: 73.5 MB.

Unloading 16 unused Assets to reduce memory usage. Loaded Objects now: 2056.
Total: 44.752100 ms (FindLiveObjects: 1.480300 ms CreateObjectMapping: 0.808300 ms MarkObjects: 42.254600 ms  DeleteObjects: 0.197800 ms)

AssetImportParameters requested are different than current active one (requested -> active):
  custom:framework-win-MediaFoundation: 216162199b28c13a410421893ffa2e32 -> 
  custom:video-decoder-ogg-theora: a1e56fd34408186e4bbccfd4996cb3dc -> 
  custom:container-muxer-webm: aa71ff27fc2769a1b78a27578f13a17b -> 
  custom:container-demuxer-webm: 4f35f7cbe854078d1ac9338744f61a02 -> 
  custom:container-demuxer-ogg: 62fdf1f143b41e24485cea50d1cbac27 -> 
  custom:video-encoder-webm-vp8: eb34c28f22e8b96e1ab97ce403110664 -> 
  custom:video-decoder-webm-vp8: 9c59270c3fd7afecdb556c50c9e8de78 -> 
  custom:audio-decoder-ogg-vorbis: bf7c407c2cedff20999df2af8eb42d56 -> 
  custom:audio-encoder-webm-vorbis: bf7c407c2cedff20999df2af8eb42d56 -> 
========================================================================
Received Import Request.
  Time since last request: 351.084731 seconds.
  path: Assets/Wander.asset
  artifactKey: Guid(aa78b41ec363ecb4cb91ace7b6b85e22) Importer(815301076,1909f56bfc062723c751e8b465ee728b)
Start importing Assets/Wander.asset using Guid(aa78b41ec363ecb4cb91ace7b6b85e22) Importer(815301076,1909f56bfc062723c751e8b465ee728b)  -> (artifact id: 'cd0512f07577b4dd2ec23cd185142d4c') in 0.314209 seconds 
  Import took 0.341296 seconds .

========================================================================
Received Prepare
Registering precompiled user dll's ...
Registered in 0.052331 seconds.
Begin MonoManager ReloadAssembly
Native extension for WindowsStandalone target not found
Native extension for WebGL target not found
Refreshing native plugins compatible for Editor in 2.76 ms, found 2 plugins.
Preloading 0 native plugins for Editor in 0.00 ms.
Mono: successfully reloaded assembly
- Completed reload, in 14.978 seconds
Domain Reload Profiling:
	ReloadAssembly (14982ms)
		BeginReloadAssembly (982ms)
			ExecutionOrderSort (0ms)
			DisableScriptedObjects (48ms)
			BackupInstance (0ms)
			ReleaseScriptingObjects (0ms)
			CreateAndSetChildDomain (331ms)
		EndReloadAssembly (13219ms)
			LoadAssemblies (899ms)
			RebuildTransferFunctionScriptingTraits (0ms)
			SetupTypeCache (2990ms)
			ReleaseScriptCaches (7ms)
			RebuildScriptCaches (396ms)
			SetupLoadedEditorAssemblies (7947ms)
				LogAssemblyErrors (0ms)
				InitializePlatformSupportModulesInManaged (52ms)
				SetLoadedEditorAssemblies (5ms)
				RefreshPlugins (3ms)
				BeforeProcessingInitializeOnLoad (766ms)
				ProcessInitializeOnLoadAttributes (1890ms)
				ProcessInitializeOnLoadMethodAttributes (5202ms)
				AfterProcessingInitializeOnLoad (26ms)
				EditorAssembliesLoaded (3ms)
			ExecutionOrderSort2 (0ms)
			AwakeInstancesAfterBackupRestoration (76ms)
Platform modules already initialized, skipping
Refreshing native plugins compatible for Editor in 2.68 ms, found 2 plugins.
Preloading 0 native plugins for Editor in 0.00 ms.
Unloading 1538 Unused Serialized files (Serialized files now loaded: 0)
System memory in use before: 73.4 MB.
System memory in use after: 73.5 MB.

Unloading 16 unused Assets to reduce memory usage. Loaded Objects now: 2058.
Total: 27.443600 ms (FindLiveObjects: 1.069200 ms CreateObjectMapping: 0.342400 ms MarkObjects: 25.827200 ms  DeleteObjects: 0.193100 ms)

AssetImportParameters requested are different than current active one (requested -> active):
  custom:framework-win-MediaFoundation: 216162199b28c13a410421893ffa2e32 -> 
  custom:video-decoder-ogg-theora: a1e56fd34408186e4bbccfd4996cb3dc -> 
  custom:container-muxer-webm: aa71ff27fc2769a1b78a27578f13a17b -> 
  custom:container-demuxer-webm: 4f35f7cbe854078d1ac9338744f61a02 -> 
  custom:container-demuxer-ogg: 62fdf1f143b41e24485cea50d1cbac27 -> 
  custom:video-encoder-webm-vp8: eb34c28f22e8b96e1ab97ce403110664 -> 
  custom:video-decoder-webm-vp8: 9c59270c3fd7afecdb556c50c9e8de78 -> 
  custom:audio-decoder-ogg-vorbis: bf7c407c2cedff20999df2af8eb42d56 -> 
  custom:audio-encoder-webm-vorbis: bf7c407c2cedff20999df2af8eb42d56 -> 
========================================================================
Received Import Request.
  Time since last request: 121.196201 seconds.
  path: Assets
  artifactKey: Guid(00000000000000001000000000000000) Importer(815301076,1909f56bfc062723c751e8b465ee728b)
Start importing Assets using Guid(00000000000000001000000000000000) Importer(815301076,1909f56bfc062723c751e8b465ee728b)  -> (artifact id: '42d402b061de3733987d63b9cc3b64de') in 0.079604 seconds 
  Import took 0.105905 seconds .

========================================================================
Received Import Request.
  Time since last request: 39.737997 seconds.
  path: Assets/182453228_1158296467931137_3443282427907860513_n.jpg
  artifactKey: Guid(457adf48bdbf6614c9ac761f24582f5f) Importer(815301076,1909f56bfc062723c751e8b465ee728b)
Start importing Assets/182453228_1158296467931137_3443282427907860513_n.jpg using Guid(457adf48bdbf6614c9ac761f24582f5f) Importer(815301076,1909f56bfc062723c751e8b465ee728b)  -> (artifact id: 'b3e40040fd05d086a40a994cb08feecc') in 1.680955 seconds 
  Import took 1.709525 seconds .

========================================================================
Received Import Request.
  Time since last request: 212.416272 seconds.
  path: Assets/BehaviorBricks/Editor/Resources/Images/TreeViewController/Action_Icon_small.png
  artifactKey: Guid(dc26844c00bed13449a5d8a549f28bcc) Importer(815301076,1909f56bfc062723c751e8b465ee728b)
Start importing Assets/BehaviorBricks/Editor/Resources/Images/TreeViewController/Action_Icon_small.png using Guid(dc26844c00bed13449a5d8a549f28bcc) Importer(815301076,1909f56bfc062723c751e8b465ee728b)  -> (artifact id: '77bbf319c2fcd2353cb8d911758497a8') in 0.215534 seconds 
  Import took 0.242743 seconds .

========================================================================
Received Import Request.
  Time since last request: 0.001966 seconds.
  path: Assets/BehaviorBricks/Editor/Resources/Backgrounds/Background_64x64_GRID.png
  artifactKey: Guid(4c06a50c07c433541b2e7aee814f66c4) Importer(815301076,1909f56bfc062723c751e8b465ee728b)
Start importing Assets/BehaviorBricks/Editor/Resources/Backgrounds/Background_64x64_GRID.png using Guid(4c06a50c07c433541b2e7aee814f66c4) Importer(815301076,1909f56bfc062723c751e8b465ee728b)  -> (artifact id: 'd58ae10b6a6222f88a0d9b8be8b96744') in 0.187472 seconds 
  Import took 0.214112 seconds .

========================================================================
Received Import Request.
  Time since last request: 0.002272 seconds.
  path: Assets/BehaviorBricks/Editor/Resources/Backgrounds/Background_2048x2048.png
  artifactKey: Guid(16a55ff2716c1f241b5ade2985dbdf42) Importer(815301076,1909f56bfc062723c751e8b465ee728b)
Start importing Assets/BehaviorBricks/Editor/Resources/Backgrounds/Background_2048x2048.png using Guid(16a55ff2716c1f241b5ade2985dbdf42) Importer(815301076,1909f56bfc062723c751e8b465ee728b)  -> (artifact id: '83abbc2a9b729f8f87806621482ebbbe') in 0.226719 seconds 
  Import took 0.259308 seconds .

========================================================================
Received Import Request.
  Time since last request: 0.002005 seconds.
  path: Assets/BehaviorBricks/Editor/Resources/Images/FreeTreeView/action_toolBox_hover.png
  artifactKey: Guid(0683b830ddf5c5f45b6304e2a84abd0e) Importer(815301076,1909f56bfc062723c751e8b465ee728b)
Start importing Assets/BehaviorBricks/Editor/Resources/Images/FreeTreeView/action_toolBox_hover.png using Guid(0683b830ddf5c5f45b6304e2a84abd0e) Importer(815301076,1909f56bfc062723c751e8b465ee728b)  -> (artifact id: '8367e0e24ad1e97262a48c796fad09c1') in 0.221899 seconds 
  Import took 0.253309 seconds .

========================================================================
Received Import Request.
  Time since last request: 0.002061 seconds.
  path: Assets/BehaviorBricks/Editor/Resources/GUI Skins/Editor/Textures/Background_Light.png
  artifactKey: Guid(be9f77aedc5c3bf43a833cb59fbc74a3) Importer(815301076,1909f56bfc062723c751e8b465ee728b)
Start importing Assets/BehaviorBricks/Editor/Resources/GUI Skins/Editor/Textures/Background_Light.png using Guid(be9f77aedc5c3bf43a833cb59fbc74a3) Importer(815301076,1909f56bfc062723c751e8b465ee728b)  -> (artifact id: '5477cd432fd949744876ffc35f6f7ba2') in 0.151892 seconds 
  Import took 0.175016 seconds .

========================================================================
Received Import Request.
  Time since last request: 0.001980 seconds.
  path: Assets/BehaviorBricks/Editor/Resources/Images/FreeTreeView/action_toolBox_main.png
  artifactKey: Guid(11d5f6af5d6d75b4986a2cb28e7cee3f) Importer(815301076,1909f56bfc062723c751e8b465ee728b)
Start importing Assets/BehaviorBricks/Editor/Resources/Images/FreeTreeView/action_toolBox_main.png using Guid(11d5f6af5d6d75b4986a2cb28e7cee3f) Importer(815301076,1909f56bfc062723c751e8b465ee728b)  -> (artifact id: '2cf0d72370b3d8ca23b73466c704648e') in 0.174255 seconds 
  Import took 0.199488 seconds .

========================================================================
Received Import Request.
  Time since last request: 0.001963 seconds.
  path: Assets/BehaviorBricks/Editor/Resources/Backgrounds/BackgroundPrioritySelector.png
  artifactKey: Guid(fd6b095a59cd70340a7e2ef18a0e8f8c) Importer(815301076,1909f56bfc062723c751e8b465ee728b)
Start importing Assets/BehaviorBricks/Editor/Resources/Backgrounds/BackgroundPrioritySelector.png using Guid(fd6b095a59cd70340a7e2ef18a0e8f8c) Importer(815301076,1909f56bfc062723c751e8b465ee728b)  -> (artifact id: 'c20cf0b38bee2de044e01b1e4fe41d76') in 0.165697 seconds 
  Import took 0.192449 seconds .

========================================================================
Received Import Request.
  Time since last request: 13.555450 seconds.
  path: Assets/Player.mat
  artifactKey: Guid(4458de985d554e94e86adb37defedfd7) Importer(815301076,1909f56bfc062723c751e8b465ee728b)
Start importing Assets/Player.mat using Guid(4458de985d554e94e86adb37defedfd7) Importer(815301076,1909f56bfc062723c751e8b465ee728b)  -> (artifact id: 'ddfd8d1a89dd83d839da97b4e6a7ebac') in 0.548426 seconds 
  Import took 0.578403 seconds .

========================================================================
Received Import Request.
  Time since last request: 7.615415 seconds.
  path: Assets/img.jpg
  artifactKey: Guid(457adf48bdbf6614c9ac761f24582f5f) Importer(815301076,1909f56bfc062723c751e8b465ee728b)
Start importing Assets/img.jpg using Guid(457adf48bdbf6614c9ac761f24582f5f) Importer(815301076,1909f56bfc062723c751e8b465ee728b)  -> (artifact id: 'c981e16a47c1e6e88036db96c299ac09') in 0.158032 seconds 
  Import took 0.189988 seconds .

========================================================================
Received Prepare
Registering precompiled user dll's ...
Registered in 0.039128 seconds.
Begin MonoManager ReloadAssembly
Native extension for WindowsStandalone target not found
Native extension for WebGL target not found
Refreshing native plugins compatible for Editor in 2.70 ms, found 2 plugins.
Preloading 0 native plugins for Editor in 0.00 ms.
Mono: successfully reloaded assembly
- Completed reload, in 15.528 seconds
Domain Reload Profiling:
	ReloadAssembly (15531ms)
		BeginReloadAssembly (951ms)
			ExecutionOrderSort (0ms)
			DisableScriptedObjects (47ms)
			BackupInstance (0ms)
			ReleaseScriptingObjects (0ms)
			CreateAndSetChildDomain (293ms)
		EndReloadAssembly (13938ms)
			LoadAssemblies (913ms)
			RebuildTransferFunctionScriptingTraits (0ms)
			SetupTypeCache (3051ms)
			ReleaseScriptCaches (8ms)
			RebuildScriptCaches (656ms)
			SetupLoadedEditorAssemblies (8178ms)
				LogAssemblyErrors (0ms)
				InitializePlatformSupportModulesInManaged (52ms)
				SetLoadedEditorAssemblies (5ms)
				RefreshPlugins (3ms)
				BeforeProcessingInitializeOnLoad (738ms)
				ProcessInitializeOnLoadAttributes (2022ms)
				ProcessInitializeOnLoadMethodAttributes (5330ms)
				AfterProcessingInitializeOnLoad (25ms)
				EditorAssembliesLoaded (2ms)
			ExecutionOrderSort2 (0ms)
			AwakeInstancesAfterBackupRestoration (66ms)
Platform modules already initialized, skipping
Refreshing native plugins compatible for Editor in 2.87 ms, found 2 plugins.
Preloading 0 native plugins for Editor in 0.00 ms.
Unloading 1538 Unused Serialized files (Serialized files now loaded: 0)
System memory in use before: 73.5 MB.
System memory in use after: 73.6 MB.

Unloading 16 unused Assets to reduce memory usage. Loaded Objects now: 2065.
Total: 26.833200 ms (FindLiveObjects: 0.999200 ms CreateObjectMapping: 0.318100 ms MarkObjects: 25.359300 ms  DeleteObjects: 0.147900 ms)

AssetImportParameters requested are different than current active one (requested -> active):
  custom:framework-win-MediaFoundation: 216162199b28c13a410421893ffa2e32 -> 
  custom:video-decoder-ogg-theora: a1e56fd34408186e4bbccfd4996cb3dc -> 
  custom:container-muxer-webm: aa71ff27fc2769a1b78a27578f13a17b -> 
  custom:container-demuxer-webm: 4f35f7cbe854078d1ac9338744f61a02 -> 
  custom:container-demuxer-ogg: 62fdf1f143b41e24485cea50d1cbac27 -> 
  custom:video-encoder-webm-vp8: eb34c28f22e8b96e1ab97ce403110664 -> 
  custom:video-decoder-webm-vp8: 9c59270c3fd7afecdb556c50c9e8de78 -> 
  custom:audio-decoder-ogg-vorbis: bf7c407c2cedff20999df2af8eb42d56 -> 
  custom:audio-encoder-webm-vorbis: bf7c407c2cedff20999df2af8eb42d56 -> 
========================================================================
Received Import Request.
  Time since last request: 228.483864 seconds.
  path: Assets/ClickAndGo.asset
  artifactKey: Guid(eb05a8ff51f6e064abcef050a1cfa62b) Importer(815301076,1909f56bfc062723c751e8b465ee728b)
Start importing Assets/ClickAndGo.asset using Guid(eb05a8ff51f6e064abcef050a1cfa62b) Importer(815301076,1909f56bfc062723c751e8b465ee728b)  -> (artifact id: 'f5e0f23ef3fd54ca584f70e1b31fcbb4') in 0.248300 seconds 
  Import took 0.268404 seconds .

========================================================================
Received Import Request.
  Time since last request: 167.217333 seconds.
  path: Assets/ClickAndGo.asset
  artifactKey: Guid(eb05a8ff51f6e064abcef050a1cfa62b) Importer(815301076,1909f56bfc062723c751e8b465ee728b)
Start importing Assets/ClickAndGo.asset using Guid(eb05a8ff51f6e064abcef050a1cfa62b) Importer(815301076,1909f56bfc062723c751e8b465ee728b)  -> (artifact id: '47006e8795cda5586227083c2ee5ffa6') in 0.130081 seconds 
  Import took 0.155082 seconds .

